This is pdfTeX, Version 3.14159265-2.6-1.40.18 (TeX Live 2017/Debian) (preloaded format=latex 2018.7.7)  17 AUG 2018 21:25
entering extended mode
 restricted \write18 enabled.
 %&-line parsing enabled.
**ChkTeX.tex
(./ChkTeX.tex
LaTeX2e <2017-04-15>
Babel <3.18> and hyphenation patterns for 3 language(s) loaded.
(/usr/share/texlive/texmf-dist/tex/latex/base/article.cls
Document Class: article 2014/09/29 v1.4h Standard LaTeX document class
(/usr/share/texlive/texmf-dist/tex/latex/base/size10.clo
File: size10.clo 2014/09/29 v1.4h Standard LaTeX file (size option)
)
\c@part=\count79
\c@section=\count80
\c@subsection=\count81
\c@subsubsection=\count82
\c@paragraph=\count83
\c@subparagraph=\count84
\c@figure=\count85
\c@table=\count86
\abovecaptionskip=\skip41
\belowcaptionskip=\skip42
\bibindent=\dimen102
)
(/usr/share/texlive/texmf-dist/tex/latex/tools/array.sty
Package: array 2016/10/06 v2.4d Tabular extension package (FMi)
\col@sep=\dimen103
\extrarowheight=\dimen104
\NC@list=\toks14
\extratabsurround=\skip43
\backup@length=\skip44
)
(/usr/share/texlive/texmf-dist/tex/latex/tools/tabularx.sty
Package: tabularx 2016/02/03 v2.11 `tabularx' package (DPC)
\TX@col@width=\dimen105
\TX@old@table=\dimen106
\TX@old@col=\dimen107
\TX@target=\dimen108
\TX@delta=\dimen109
\TX@cols=\count87
\TX@ftn=\toks15
)
(/usr/share/texlive/texmf-dist/tex/latex/tools/verbatim.sty
Package: verbatim 2014/10/28 v1.5q LaTeX2e package for verbatim enhancements
\every@verbatim=\toks16
\verbatim@line=\toks17
\verbatim@in@stream=\read1
)
(/usr/share/texlive/texmf-dist/tex/latex/tools/multicol.sty
Package: multicol 2017/04/11 v1.8q multicolumn formatting (FMi)
\c@tracingmulticols=\count88
\mult@box=\box26
\multicol@leftmargin=\dimen110
\c@unbalance=\count89
\c@collectmore=\count90
\doublecol@number=\count91
\multicoltolerance=\count92
\multicolpretolerance=\count93
\full@width=\dimen111
\page@free=\dimen112
\premulticols=\dimen113
\postmulticols=\dimen114
\multicolsep=\skip45
\multicolbaselineskip=\skip46
\partial@page=\box27
\last@line=\box28
\maxbalancingoverflow=\dimen115
\mult@rightbox=\box29
\mult@grightbox=\box30
\mult@gfirstbox=\box31
\mult@firstbox=\box32
\@tempa=\box33
\@tempa=\box34
\@tempa=\box35
\@tempa=\box36
\@tempa=\box37
\@tempa=\box38
\@tempa=\box39
\@tempa=\box40
\@tempa=\box41
\@tempa=\box42
\@tempa=\box43
\@tempa=\box44
\@tempa=\box45
\@tempa=\box46
\@tempa=\box47
\@tempa=\box48
\@tempa=\box49
\c@columnbadness=\count94
\c@finalcolumnbadness=\count95
\last@try=\dimen116
\multicolovershoot=\dimen117
\multicolundershoot=\dimen118
\mult@nat@firstbox=\box50
\colbreak@box=\box51
\mc@col@check@num=\count96
)
(/usr/share/texlive/texmf-dist/tex/latex/base/fontenc.sty
Package: fontenc 2017/04/05 v2.0i Standard LaTeX package

(/usr/share/texlive/texmf-dist/tex/latex/base/t1enc.def
File: t1enc.def 2017/04/05 v2.0i Standard LaTeX file
LaTeX Font Info:    Redeclaring font encoding T1 on input line 48.
))
\c@errornum=\count97
 (./ChkTeX.aux)
\openout1 = `ChkTeX.aux'.

LaTeX Font Info:    Checking defaults for OML/cmm/m/it on input line 90.
LaTeX Font Info:    ... okay on input line 90.
LaTeX Font Info:    Checking defaults for T1/cmr/m/n on input line 90.
LaTeX Font Info:    ... okay on input line 90.
LaTeX Font Info:    Checking defaults for OT1/cmr/m/n on input line 90.
LaTeX Font Info:    ... okay on input line 90.
LaTeX Font Info:    Checking defaults for OMS/cmsy/m/n on input line 90.
LaTeX Font Info:    ... okay on input line 90.
LaTeX Font Info:    Checking defaults for OMX/cmex/m/n on input line 90.
LaTeX Font Info:    ... okay on input line 90.
LaTeX Font Info:    Checking defaults for U/cmr/m/n on input line 90.
LaTeX Font Info:    ... okay on input line 90.
LaTeX Font Info:    External font `cmex10' loaded for size
(Font)              <12> on input line 91.
LaTeX Font Info:    External font `cmex10' loaded for size
(Font)              <8> on input line 91.
LaTeX Font Info:    External font `cmex10' loaded for size
(Font)              <6> on input line 91.
LaTeX Font Info:    External font `cmex10' loaded for size
(Font)              <7> on input line 99.
LaTeX Font Info:    External font `cmex10' loaded for size
(Font)              <5> on input line 99.
LaTeX Font Info:    Try loading font information for T1+cmtt on input line 106.


(/usr/share/texlive/texmf-dist/tex/latex/base/t1cmtt.fd
File: t1cmtt.fd 2014/09/29 v2.5h Standard LaTeX font definitions
)
LaTeX Font Info:    Try loading font information for OMS+cmr on input line 127.


(/usr/share/texlive/texmf-dist/tex/latex/base/omscmr.fd
File: omscmr.fd 2014/09/29 v2.5h Standard LaTeX font definitions
)
LaTeX Font Info:    Font shape `OMS/cmr/m/n' in size <10> not available
(Font)              Font shape `OMS/cmsy/m/n' tried instead on input line 127.
 [1

] [2]
LaTeX Font Info:    Font shape `T1/cmtt/bx/n' in size <10> not available
(Font)              Font shape `T1/cmtt/m/n' tried instead on input line 264.
 [3]
Overfull \hbox (2.21458pt too wide) in paragraph at lines 271--274
[]\T1/cmr/m/n/10 User de-fined reg-u-lar ex-pres-sions are de-fined us-ing \T1/
cmtt/m/n/10 UserWarnRegex
 []

[4] [5] [6] [7] [8] [9] [10] [11] [12] [13] [14] [15] [16] [17] [18] [19]
[20]
Overfull \hbox (14.67444pt too wide) in paragraph at lines 1369--1371
 [][]\T1/cmtt/m/n/10 This$[]$[]an example$[]$[]Nuff said$[]$[])), illustrates$[
]$[]``my''$[]$[]point. 
 []


Overfull \hbox (9.42572pt too wide) in paragraph at lines 1374--1374
 [][][]\T1/cmtt/m/n/10 This (an example (Nuff said)), illustrates (``my'') poin
t. 
 []

[21]
Overfull \hbox (5.98462pt too wide) in paragraph at lines 1460--1460
\T1/cmtt/m/n/10 NotPreSpaced 
 []

[22]
Overfull \hbox (11.23334pt too wide) in paragraph at lines 1482--1482
\T1/cmtt/m/n/10 UserWarnRegex 
 []


Overfull \hbox (0.31648pt too wide) in paragraph at lines 1488--1492
[]\T1/cmr/m/n/10 Depending on how ChkT[]X was con-fig-ured, you can use ei-ther
 PCRE
 []

[23]
Overfull \hbox (8.00633pt too wide) in paragraph at lines 1552--1555
[]\T1/cmr/m/n/10 In L[]T[]X doc-u-ments, us-ing [][]\T1/cmtt/m/n/10 \[...\] []\
T1/cmr/m/n/10 is strongly pre-ferred over [][]\T1/cmtt/m/n/10 $$...$$[]\T1/cmr/
m/n/10 .
 []

[24] [25] [26] [27] [28] (./ChkTeX.aux) ) 
Here is how much of TeX's memory you used:
 762 strings out of 494924
 8716 string characters out of 6180769
 66894 words of memory out of 5000000
 4122 multiletter control sequences out of 15000+600000
 14161 words of font info for 35 fonts, out of 8000000 for 9000
 14 hyphenation exceptions out of 8191
 23i,12n,19p,206b,398s stack positions out of 5000i,500n,10000p,200000b,80000s

Output written on ChkTeX.dvi (28 pages, 90536 bytes).
